IDENT primes
IDENT min
COLON
IDENT compute
IDENT primes
IDENT using
IDENT Sieve
OF
IDENT Eratosthenes
L_PAREN
IDENT http
COLON
DIV
DIV
IDENT en
IDENT wikipedia
IDENT org
DIV
IDENT wiki
DIV
IDENT Sieve_of_Eratosthenes
R_PAREN
IDENT Compute
IDENT primes
IDENT up
IDENT to
IDENT a
IDENT specified
IDENT n
IDENT by
IDENT crossing
IDENT out
IDENT multiples
OF
IDENT successively
IDENT larger
IDENT primes
IDENT in
IDENT a
IDENT boolean
ARRAY
IDENT The
ARRAY
IDENT stores
IDENT a
L_SQUARE_BRACKET
IDENT k
R_SQUARE_BRACKET
Error at line 5, column 24: unrecognized symbol "="
